AndroidSkillsPortfolio/buid/intermediates/manifest_merge_blame_file/debug/processDebugMainManifest/manifest-merger-blame-debug-report.txt
1<?xml version="1.0" encoding="utf-8"?>
2<manifest xmlns:android="http://schemas.android.com/apk/res/android"
3    package="com.example.androidskillsportfolio"
4    android:versionCode="1"
5    android:versionName="1.0" >
6
7    <uses-sdk
8        android:minSdkVersion="24"
9        android:targetSdkVersion="36" />
10
11    <permission
11-->[androidx.core:core:1.9.0] AndroidManifest.xml:22:5-24:47
12        android:name="com.example.androidskillsportfolio.DYNAMIC_RECEIVER_NOT_EXPORTED_PERMISSION"
12-->[androidx.core:core:1.9.0] AndroidManifest.xml:23:9-81
13        android:protectionLevel="signature" />
13-->[androidx.core:core:1.9.0] AndroidManifest.xml:24:9-44
14
15    <uses-permission android:name="com.example.androidskillsportfolio.DYNAMIC_RECEIVER_NOT_EXPORTED_PERMISSION" />
15-->[androidx.core:core:1.9.0] AndroidManifest.xml:26:5-97
15-->[androidx.core:core:1.9.0] AndroidManifest.xml:26:22-94
16
17    <application
17-->src\main\AndroidManifest.xml:5:5-32:19
18        android:allowBackup="true"
18-->src\main\AndroidManifest.xml:6:9-35
19        android:appComponentFactory="androidx.core.app.CoreComponentFactory"
19-->[androidx.core:core:1.9.0] AndroidManifest.xml:28:18-86
20        android:dataExtractionRules="@xml/data_extraction_rules"
20-->src\main\AndroidManifest.xml:7:9-65
21        android:debuggable="true"
22        android:extractNativeLibs="false"
23        android:fullBackupContent="@xml/backup_rules"
23-->src\main\AndroidManifest.xml:8:9-54
24        android:icon="@mipmap/ic_launcher"
24-->src\main\AndroidManifest.xml:9:9-43
25        android:label="@string/app_name"
25-->src\main\AndroidManifest.xml:10:9-41
26        android:roundIcon="@mipmap/ic_launcher_round"
26-->src\main\AndroidManifest.xml:11:9-54
27        android:supportsRtl="true"
27-->src\main\AndroidManifest.xml:12:9-35
28        android:testOnly="true"
29        android:theme="@style/Theme.AndroidSkillsPortfolio" >
29-->src\main\AndroidManifest.xml:13:9-60
30        <activity
30-->src\main\AndroidManifest.xml:15:9-20:20
31            android:name="com.example.androidskillsportfolio.LoginActivity"
31-->src\main\AndroidManifest.xml:15:19-48
32            android:exported="true" >
32-->src\main\AndroidManifest.xml:15:49-72
33            <intent-filter>
33-->src\main\AndroidManifest.xml:16:13-19:29
34                <action android:name="android.intent.action.MAIN" />
34-->src\main\AndroidManifest.xml:17:17-69
34-->src\main\AndroidManifest.xml:17:25-66
35
36                <category android:name="android.intent.category.LAUNCHER" />
36-->src\main\AndroidManifest.xml:18:17-77
36-->src\main\AndroidManifest.xml:18:27-74
37            </intent-filter>
38        </activity>
39        <activity
39-->src\main\AndroidManifest.xml:21:9-75
40            android:name="com.example.androidskillsportfolio.MainActivity"
40-->src\main\AndroidManifest.xml:21:19-47
41            android:exported="false" />
41-->src\main\AndroidManifest.xml:21:48-72
42        <activity
42-->src\main\AndroidManifest.xml:22:9-81
43            android:name="com.example.androidskillsportfolio.Ejercicio1Activity"
43-->src\main\AndroidManifest.xml:22:19-53
44            android:exported="false" />
44-->src\main\AndroidManifest.xml:22:54-78
45        <activity
45-->src\main\AndroidManifest.xml:23:9-81
46            android:name="com.example.androidskillsportfolio.Ejercicio2Activity"
46-->src\main\AndroidManifest.xml:23:19-53
47            android:exported="false" />
47-->src\main\AndroidManifest.xml:23:54-78
48        <activity
48-->src\main\AndroidManifest.xml:24:9-81
49            android:name="com.example.androidskillsportfolio.Ejercicio3Activity"
49-->src\main\AndroidManifest.xml:24:19-53
50            android:exported="false" />
50-->src\main\AndroidManifest.xml:24:54-78
51        <activity
51-->src\main\AndroidManifest.xml:25:9-81
52            android:name="com.example.androidskillsportfolio.Ejercicio4Activity"
52-->src\main\AndroidManifest.xml:25:19-53
53            android:exported="false" />
53-->src\main\AndroidManifest.xml:25:54-78
54        <activity
54-->src\main\AndroidManifest.xml:26:9-81
55            android:name="com.example.androidskillsportfolio.Ejercicio5Activity"
55-->src\main\AndroidManifest.xml:26:19-53
56            android:exported="false" />
56-->src\main\AndroidManifest.xml:26:54-78
57        <activity
57-->src\main\AndroidManifest.xml:27:9-81
58            android:name="com.example.androidskillsportfolio.Ejercicio6Activity"
58-->src\main\AndroidManifest.xml:27:19-53
59            android:exported="false" />
59-->src\main\AndroidManifest.xml:27:54-78
60        <activity
60-->src\main\AndroidManifest.xml:28:9-81
61            android:name="com.example.androidskillsportfolio.Ejercicio7Activity"
61-->src\main\AndroidManifest.xml:28:19-53
62            android:exported="false" />
62-->src\main\AndroidManifest.xml:28:54-78
63        <!-- Ejercicio8Activity agregado -->
64        <activity
64-->src\main\AndroidManifest.xml:30:9-81
65            android:name="com.example.androidskillsportfolio.Ejercicio8Activity"
65-->src\main\AndroidManifest.xml:30:19-53
66            android:exported="false" />
66-->src\main\AndroidManifest.xml:30:54-78
67        <activity
67-->src\main\AndroidManifest.xml:31:9-81
68            android:name="com.example.androidskillsportfolio.Ejercicio9Activity"
68-->src\main\AndroidManifest.xml:31:19-53
69            android:exported="false" />
69-->src\main\AndroidManifest.xml:31:54-78
70
71        <provider
71-->[androidx.emoji2:emoji2:1.2.0] AndroidManifest.xml:24:9-32:20
72            android:name="androidx.startup.InitializationProvider"
72-->[androidx.emoji2:emoji2:1.2.0] AndroidManifest.xml:25:13-67
73            android:authorities="com.example.androidskillsportfolio.androidx-startup"
73-->[androidx.emoji2:emoji2:1.2.0] AndroidManifest.xml:26:13-68
74            android:exported="false" >
74-->[androidx.emoji2:emoji2:1.2.0] AndroidManifest.xml:27:13-37
75            <meta-data
75-->[androidx.emoji2:emoji2:1.2.0] AndroidManifest.xml:29:13-31:52
76                android:name="androidx.emoji2.text.EmojiCompatInitializer"
76-->[androidx.emoji2:emoji2:1.2.0] AndroidManifest.xml:30:17-75
77                android:value="androidx.startup" />
77-->[androidx.emoji2:emoji2:1.2.0] AndroidManifest.xml:31:17-49
78            <meta-data
78-->[androidx.lifecycle:lifecycle-process:2.6.1] AndroidManifest.xml:29:13-31:52
79                android:name="androidx.lifecycle.ProcessLifecycleInitializer"
79-->[androidx.lifecycle:lifecycle-process:2.6.1] AndroidManifest.xml:30:17-78
80                android:value="androidx.startup" />
80-->[androidx.lifecycle:lifecycle-process:2.6.1] AndroidManifest.xml:31:17-49
81            <meta-data
81-->[androidx.profileinstaller:profileinstaller:1.3.0] AndroidManifest.xml:29:13-31:52
82                android:name="androidx.profileinstaller.ProfileInstallerInitializer"
82-->[androidx.profileinstaller:profileinstaller:1.3.0] AndroidManifest.xml:30:17-85
83                android:value="androidx.startup" />
83-->[androidx.profileinstaller:profileinstaller:1.3.0] AndroidManifest.xml:31:17-49
84        </provider>
85
86        <receiver
86-->[androidx.profileinstaller:profileinstaller:1.3.0] AndroidManifest.xml:34:9-52:20
87            android:name="androidx.profileinstaller.ProfileInstallReceiver"
87-->[androidx.profileinstaller:profileinstaller:1.3.0] AndroidManifest.xml:35:13-76
88            android:directBootAware="false"
88-->[androidx.profileinstaller:profileinstaller:1.3.0] AndroidManifest.xml:36:13-44
89            android:enabled="true"
89-->[androidx.profileinstaller:profileinstaller:1.3.0] AndroidManifest.xml:37:13-35
90            android:exported="true"
90-->[androidx.profileinstaller:profileinstaller:1.3.0] AndroidManifest.xml:38:13-36
91            android:permission="android.permission.DUMP" >
91-->[androidx.profileinstaller:profileinstaller:1.3.0] AndroidManifest.xml:39:13-57
92            <intent-filter>
92-->[androidx.profileinstaller:profileinstaller:1.3.0] AndroidManifest.xml:40:13-42:29
93                <action android:name="androidx.profileinstaller.action.INSTALL_PROFILE" />
93-->[androidx.profileinstaller:profileinstaller:1.3.0] AndroidManifest.xml:41:17-91
93-->[androidx.profileinstaller:profileinstaller:1.3.0] AndroidManifest.xml:41:25-88
94            </intent-filter>
95            <intent-filter>
95-->[androidx.profileinstaller:profileinstaller:1.3.0] AndroidManifest.xml:43:13-45:29
96                <action android:name="androidx.profileinstaller.action.SKIP_FILE" />
96-->[androidx.profileinstaller:profileinstaller:1.3.0] AndroidManifest.xml:44:17-85
96-->[androidx.profileinstaller:profileinstaller:1.3.0] AndroidManifest.xml:44:25-82
97            </intent-filter>
98            <intent-filter>
98-->[androidx.profileinstaller:profileinstaller:1.3.0] AndroidManifest.xml:46:13-48:29
99                <action android:name="androidx.profileinstaller.action.SAVE_PROFILE" />
99-->[androidx.profileinstaller:profileinstaller:1.3.0] AndroidManifest.xml:47:17-88
99-->[androidx.profileinstaller:profileinstaller:1.3.0] AndroidManifest.xml:47:25-85
100            </intent-filter>
101            <intent-filter>
101-->[androidx.profileinstaller:profileinstaller:1.3.0] AndroidManifest.xml:49:13-51:29
102                <action android:name="androidx.profileinstaller.action.BENCHMARK_OPERATION" />
102-->[androidx.profileinstaller:profileinstaller:1.3.0] AndroidManifest.xml:50:17-95
102-->[androidx.profileinstaller:profileinstaller:1.3.0] AndroidManifest.xml:50:25-92
103            </intent-filter>
104        </receiver>
105    </application>
106
107</manifest>